  main.cpp
C:\Program Files (x86)\Windows Kits\10\Include\10.0.17763.0\shared\minwindef.h(130,1): warning C4005:  'APIENTRY': macro redefinition
D:\Pen drive\Bachelor of Game Development (HONS) - Degree in Game Technology\Semester 2-2019 May\Assignment XBGT 2064 - 2DGraphicsP\Assignment2_2DGraphicsProgramming\SDK\glfw-3.3.bin.WIN32\include\GLFW\glfw3.h(104): message :  see previous definition of 'APIENTRY'
D:\Pen drive\Bachelor of Game Development (HONS) - Degree in Game Technology\Semester 2-2019 May\Assignment XBGT 2064 - 2DGraphicsP\Assignment2_2DGraphicsProgramming\vector.h(141,14): warning C4244:  'return': conversion from 'double' to 'float', possible loss of data
D:\Pen drive\Bachelor of Game Development (HONS) - Degree in Game Technology\Semester 2-2019 May\Assignment XBGT 2064 - 2DGraphicsP\Assignment2_2DGraphicsProgramming\matrix.h(189,11): warning C4244:  'initializing': conversion from 'double' to 'float', possible loss of data
D:\Pen drive\Bachelor of Game Development (HONS) - Degree in Game Technology\Semester 2-2019 May\Assignment XBGT 2064 - 2DGraphicsP\Assignment2_2DGraphicsProgramming\matrix.h(190,11): warning C4244:  'initializing': conversion from 'double' to 'float', possible loss of data
D:\Pen drive\Bachelor of Game Development (HONS) - Degree in Game Technology\Semester 2-2019 May\Assignment XBGT 2064 - 2DGraphicsP\Assignment2_2DGraphicsProgramming\triangle_demo.h(114,121): warning C4244:  'argument': conversion from 'double' to 'GLfloat', possible loss of data
D:\Pen drive\Bachelor of Game Development (HONS) - Degree in Game Technology\Semester 2-2019 May\Assignment XBGT 2064 - 2DGraphicsP\Assignment2_2DGraphicsProgramming\triangle_demo.h(114,77): warning C4244:  'argument': conversion from 'double' to 'GLfloat', possible loss of data
D:\Pen drive\Bachelor of Game Development (HONS) - Degree in Game Technology\Semester 2-2019 May\Assignment XBGT 2064 - 2DGraphicsP\Assignment2_2DGraphicsProgramming\triangle_demo.h(114,42): warning C4244:  'argument': conversion from 'double' to 'GLfloat', possible loss of data
D:\Pen drive\Bachelor of Game Development (HONS) - Degree in Game Technology\Semester 2-2019 May\Assignment XBGT 2064 - 2DGraphicsP\Assignment2_2DGraphicsProgramming\triangle_demo.h(115,139): warning C4244:  'argument': conversion from 'double' to 'GLfloat', possible loss of data
D:\Pen drive\Bachelor of Game Development (HONS) - Degree in Game Technology\Semester 2-2019 May\Assignment XBGT 2064 - 2DGraphicsP\Assignment2_2DGraphicsProgramming\triangle_demo.h(115,77): warning C4244:  'argument': conversion from 'double' to 'GLfloat', possible loss of data
D:\Pen drive\Bachelor of Game Development (HONS) - Degree in Game Technology\Semester 2-2019 May\Assignment XBGT 2064 - 2DGraphicsP\Assignment2_2DGraphicsProgramming\triangle_demo.h(115,51): warning C4244:  'argument': conversion from 'double' to 'GLfloat', possible loss of data
D:\Pen drive\Bachelor of Game Development (HONS) - Degree in Game Technology\Semester 2-2019 May\Assignment XBGT 2064 - 2DGraphicsP\Assignment2_2DGraphicsProgramming\triangle_demo.h(116,148): warning C4244:  'argument': conversion from 'double' to 'GLfloat', possible loss of data
D:\Pen drive\Bachelor of Game Development (HONS) - Degree in Game Technology\Semester 2-2019 May\Assignment XBGT 2064 - 2DGraphicsP\Assignment2_2DGraphicsProgramming\triangle_demo.h(116,86): warning C4244:  'argument': conversion from 'double' to 'GLfloat', possible loss of data
D:\Pen drive\Bachelor of Game Development (HONS) - Degree in Game Technology\Semester 2-2019 May\Assignment XBGT 2064 - 2DGraphicsP\Assignment2_2DGraphicsProgramming\triangle_demo.h(116,51): warning C4244:  'argument': conversion from 'double' to 'GLfloat', possible loss of data
D:\Pen drive\Bachelor of Game Development (HONS) - Degree in Game Technology\Semester 2-2019 May\Assignment XBGT 2064 - 2DGraphicsP\Assignment2_2DGraphicsProgramming\triangle_demo.h(120,112): warning C4244:  'argument': conversion from 'double' to 'GLfloat', possible loss of data
D:\Pen drive\Bachelor of Game Development (HONS) - Degree in Game Technology\Semester 2-2019 May\Assignment XBGT 2064 - 2DGraphicsP\Assignment2_2DGraphicsProgramming\triangle_demo.h(120,68): warning C4244:  'argument': conversion from 'double' to 'GLfloat', possible loss of data
D:\Pen drive\Bachelor of Game Development (HONS) - Degree in Game Technology\Semester 2-2019 May\Assignment XBGT 2064 - 2DGraphicsP\Assignment2_2DGraphicsProgramming\triangle_demo.h(120,42): warning C4244:  'argument': conversion from 'double' to 'GLfloat', possible loss of data
D:\Pen drive\Bachelor of Game Development (HONS) - Degree in Game Technology\Semester 2-2019 May\Assignment XBGT 2064 - 2DGraphicsP\Assignment2_2DGraphicsProgramming\triangle_demo.h(121,121): warning C4244:  'argument': conversion from 'double' to 'GLfloat', possible loss of data
D:\Pen drive\Bachelor of Game Development (HONS) - Degree in Game Technology\Semester 2-2019 May\Assignment XBGT 2064 - 2DGraphicsP\Assignment2_2DGraphicsProgramming\triangle_demo.h(121,77): warning C4244:  'argument': conversion from 'double' to 'GLfloat', possible loss of data
D:\Pen drive\Bachelor of Game Development (HONS) - Degree in Game Technology\Semester 2-2019 May\Assignment XBGT 2064 - 2DGraphicsP\Assignment2_2DGraphicsProgramming\triangle_demo.h(121,42): warning C4244:  'argument': conversion from 'double' to 'GLfloat', possible loss of data
D:\Pen drive\Bachelor of Game Development (HONS) - Degree in Game Technology\Semester 2-2019 May\Assignment XBGT 2064 - 2DGraphicsP\Assignment2_2DGraphicsProgramming\triangle_demo.h(122,139): warning C4244:  'argument': conversion from 'double' to 'GLfloat', possible loss of data
D:\Pen drive\Bachelor of Game Development (HONS) - Degree in Game Technology\Semester 2-2019 May\Assignment XBGT 2064 - 2DGraphicsP\Assignment2_2DGraphicsProgramming\triangle_demo.h(122,77): warning C4244:  'argument': conversion from 'double' to 'GLfloat', possible loss of data
D:\Pen drive\Bachelor of Game Development (HONS) - Degree in Game Technology\Semester 2-2019 May\Assignment XBGT 2064 - 2DGraphicsP\Assignment2_2DGraphicsProgramming\triangle_demo.h(122,51): warning C4244:  'argument': conversion from 'double' to 'GLfloat', possible loss of data
D:\Pen drive\Bachelor of Game Development (HONS) - Degree in Game Technology\Semester 2-2019 May\Assignment XBGT 2064 - 2DGraphicsP\Assignment2_2DGraphicsProgramming\triangle_demo.h(222,42): warning C4244:  '=': conversion from 'double' to 'GLfloat', possible loss of data
D:\Pen drive\Bachelor of Game Development (HONS) - Degree in Game Technology\Semester 2-2019 May\Assignment XBGT 2064 - 2DGraphicsP\Assignment2_2DGraphicsProgramming\triangle_demo.h(223,42): warning C4244:  '=': conversion from 'double' to 'GLfloat', possible loss of data
D:\Pen drive\Bachelor of Game Development (HONS) - Degree in Game Technology\Semester 2-2019 May\Assignment XBGT 2064 - 2DGraphicsP\Assignment2_2DGraphicsProgramming\triangle_demo.h(224,42): warning C4244:  '=': conversion from 'double' to 'GLfloat', possible loss of data
D:\Pen drive\Bachelor of Game Development (HONS) - Degree in Game Technology\Semester 2-2019 May\Assignment XBGT 2064 - 2DGraphicsP\Assignment2_2DGraphicsProgramming\triangle_demo.h(225,42): warning C4244:  '=': conversion from 'double' to 'GLfloat', possible loss of data
D:\Pen drive\Bachelor of Game Development (HONS) - Degree in Game Technology\Semester 2-2019 May\Assignment XBGT 2064 - 2DGraphicsP\Assignment2_2DGraphicsProgramming\triangle_demo.h(227,43): warning C4244:  '=': conversion from 'double' to 'GLfloat', possible loss of data
D:\Pen drive\Bachelor of Game Development (HONS) - Degree in Game Technology\Semester 2-2019 May\Assignment XBGT 2064 - 2DGraphicsP\Assignment2_2DGraphicsProgramming\triangle_demo.h(228,43): warning C4244:  '=': conversion from 'double' to 'GLfloat', possible loss of data
D:\Pen drive\Bachelor of Game Development (HONS) - Degree in Game Technology\Semester 2-2019 May\Assignment XBGT 2064 - 2DGraphicsP\Assignment2_2DGraphicsProgramming\triangle_demo.h(229,43): warning C4244:  '=': conversion from 'double' to 'GLfloat', possible loss of data
D:\Pen drive\Bachelor of Game Development (HONS) - Degree in Game Technology\Semester 2-2019 May\Assignment XBGT 2064 - 2DGraphicsP\Assignment2_2DGraphicsProgramming\triangle_demo.h(230,43): warning C4244:  '=': conversion from 'double' to 'GLfloat', possible loss of data
D:\Pen drive\Bachelor of Game Development (HONS) - Degree in Game Technology\Semester 2-2019 May\Assignment XBGT 2064 - 2DGraphicsP\Assignment2_2DGraphicsProgramming\triangle_demo.h(475,111): warning C4244:  'argument': conversion from 'double' to 'GLfloat', possible loss of data
D:\Pen drive\Bachelor of Game Development (HONS) - Degree in Game Technology\Semester 2-2019 May\Assignment XBGT 2064 - 2DGraphicsP\Assignment2_2DGraphicsProgramming\triangle_demo.h(475,67): warning C4244:  'argument': conversion from 'double' to 'GLfloat', possible loss of data
D:\Pen drive\Bachelor of Game Development (HONS) - Degree in Game Technology\Semester 2-2019 May\Assignment XBGT 2064 - 2DGraphicsP\Assignment2_2DGraphicsProgramming\triangle_demo.h(475,41): warning C4244:  'argument': conversion from 'double' to 'GLfloat', possible loss of data
D:\Pen drive\Bachelor of Game Development (HONS) - Degree in Game Technology\Semester 2-2019 May\Assignment XBGT 2064 - 2DGraphicsP\Assignment2_2DGraphicsProgramming\triangle_demo.h(476,120): warning C4244:  'argument': conversion from 'double' to 'GLfloat', possible loss of data
D:\Pen drive\Bachelor of Game Development (HONS) - Degree in Game Technology\Semester 2-2019 May\Assignment XBGT 2064 - 2DGraphicsP\Assignment2_2DGraphicsProgramming\triangle_demo.h(476,76): warning C4244:  'argument': conversion from 'double' to 'GLfloat', possible loss of data
D:\Pen drive\Bachelor of Game Development (HONS) - Degree in Game Technology\Semester 2-2019 May\Assignment XBGT 2064 - 2DGraphicsP\Assignment2_2DGraphicsProgramming\triangle_demo.h(476,41): warning C4244:  'argument': conversion from 'double' to 'GLfloat', possible loss of data
D:\Pen drive\Bachelor of Game Development (HONS) - Degree in Game Technology\Semester 2-2019 May\Assignment XBGT 2064 - 2DGraphicsP\Assignment2_2DGraphicsProgramming\triangle_demo.h(477,138): warning C4244:  'argument': conversion from 'double' to 'GLfloat', possible loss of data
D:\Pen drive\Bachelor of Game Development (HONS) - Degree in Game Technology\Semester 2-2019 May\Assignment XBGT 2064 - 2DGraphicsP\Assignment2_2DGraphicsProgramming\triangle_demo.h(477,76): warning C4244:  'argument': conversion from 'double' to 'GLfloat', possible loss of data
D:\Pen drive\Bachelor of Game Development (HONS) - Degree in Game Technology\Semester 2-2019 May\Assignment XBGT 2064 - 2DGraphicsP\Assignment2_2DGraphicsProgramming\triangle_demo.h(477,50): warning C4244:  'argument': conversion from 'double' to 'GLfloat', possible loss of data
D:\Pen drive\Bachelor of Game Development (HONS) - Degree in Game Technology\Semester 2-2019 May\Assignment XBGT 2064 - 2DGraphicsP\Assignment2_2DGraphicsProgramming\triangle_demo.h(480,120): warning C4244:  'argument': conversion from 'double' to 'GLfloat', possible loss of data
D:\Pen drive\Bachelor of Game Development (HONS) - Degree in Game Technology\Semester 2-2019 May\Assignment XBGT 2064 - 2DGraphicsP\Assignment2_2DGraphicsProgramming\triangle_demo.h(480,76): warning C4244:  'argument': conversion from 'double' to 'GLfloat', possible loss of data
D:\Pen drive\Bachelor of Game Development (HONS) - Degree in Game Technology\Semester 2-2019 May\Assignment XBGT 2064 - 2DGraphicsP\Assignment2_2DGraphicsProgramming\triangle_demo.h(480,41): warning C4244:  'argument': conversion from 'double' to 'GLfloat', possible loss of data
D:\Pen drive\Bachelor of Game Development (HONS) - Degree in Game Technology\Semester 2-2019 May\Assignment XBGT 2064 - 2DGraphicsP\Assignment2_2DGraphicsProgramming\triangle_demo.h(481,138): warning C4244:  'argument': conversion from 'double' to 'GLfloat', possible loss of data
D:\Pen drive\Bachelor of Game Development (HONS) - Degree in Game Technology\Semester 2-2019 May\Assignment XBGT 2064 - 2DGraphicsP\Assignment2_2DGraphicsProgramming\triangle_demo.h(481,76): warning C4244:  'argument': conversion from 'double' to 'GLfloat', possible loss of data
D:\Pen drive\Bachelor of Game Development (HONS) - Degree in Game Technology\Semester 2-2019 May\Assignment XBGT 2064 - 2DGraphicsP\Assignment2_2DGraphicsProgramming\triangle_demo.h(481,50): warning C4244:  'argument': conversion from 'double' to 'GLfloat', possible loss of data
D:\Pen drive\Bachelor of Game Development (HONS) - Degree in Game Technology\Semester 2-2019 May\Assignment XBGT 2064 - 2DGraphicsP\Assignment2_2DGraphicsProgramming\triangle_demo.h(482,147): warning C4244:  'argument': conversion from 'double' to 'GLfloat', possible loss of data
D:\Pen drive\Bachelor of Game Development (HONS) - Degree in Game Technology\Semester 2-2019 May\Assignment XBGT 2064 - 2DGraphicsP\Assignment2_2DGraphicsProgramming\triangle_demo.h(482,85): warning C4244:  'argument': conversion from 'double' to 'GLfloat', possible loss of data
D:\Pen drive\Bachelor of Game Development (HONS) - Degree in Game Technology\Semester 2-2019 May\Assignment XBGT 2064 - 2DGraphicsP\Assignment2_2DGraphicsProgramming\triangle_demo.h(482,50): warning C4244:  'argument': conversion from 'double' to 'GLfloat', possible loss of data
D:\Pen drive\Bachelor of Game Development (HONS) - Degree in Game Technology\Semester 2-2019 May\Assignment XBGT 2064 - 2DGraphicsP\Assignment2_2DGraphicsProgramming\triangle_demo.h(517,27): warning C4244:  '=': conversion from 'double' to 'GLfloat', possible loss of data
D:\Pen drive\Bachelor of Game Development (HONS) - Degree in Game Technology\Semester 2-2019 May\Assignment XBGT 2064 - 2DGraphicsP\Assignment2_2DGraphicsProgramming\triangle_demo.h(560,42): warning C4244:  '=': conversion from 'double' to 'GLfloat', possible loss of data
D:\Pen drive\Bachelor of Game Development (HONS) - Degree in Game Technology\Semester 2-2019 May\Assignment XBGT 2064 - 2DGraphicsP\Assignment2_2DGraphicsProgramming\triangle_demo.h(561,42): warning C4244:  '=': conversion from 'double' to 'GLfloat', possible loss of data
D:\Pen drive\Bachelor of Game Development (HONS) - Degree in Game Technology\Semester 2-2019 May\Assignment XBGT 2064 - 2DGraphicsP\Assignment2_2DGraphicsProgramming\triangle_demo.h(571,42): warning C4244:  '=': conversion from 'double' to 'GLfloat', possible loss of data
D:\Pen drive\Bachelor of Game Development (HONS) - Degree in Game Technology\Semester 2-2019 May\Assignment XBGT 2064 - 2DGraphicsP\Assignment2_2DGraphicsProgramming\triangle_demo.h(572,42): warning C4244:  '=': conversion from 'double' to 'GLfloat', possible loss of data
D:\Pen drive\Bachelor of Game Development (HONS) - Degree in Game Technology\Semester 2-2019 May\Assignment XBGT 2064 - 2DGraphicsP\Assignment2_2DGraphicsProgramming\main.cpp(39,11): warning C4244:  '=': conversion from 'double' to 'int', possible loss of data
D:\Pen drive\Bachelor of Game Development (HONS) - Degree in Game Technology\Semester 2-2019 May\Assignment XBGT 2064 - 2DGraphicsP\Assignment2_2DGraphicsProgramming\main.cpp(40,11): warning C4244:  '=': conversion from 'double' to 'int', possible loss of data
D:\Pen drive\Bachelor of Game Development (HONS) - Degree in Game Technology\Semester 2-2019 May\Assignment XBGT 2064 - 2DGraphicsP\Assignment2_2DGraphicsProgramming\main.cpp(44,14): warning C4244:  'initializing': conversion from 'double' to 'int', possible loss of data
D:\Pen drive\Bachelor of Game Development (HONS) - Degree in Game Technology\Semester 2-2019 May\Assignment XBGT 2064 - 2DGraphicsP\Assignment2_2DGraphicsProgramming\main.cpp(45,14): warning C4244:  'initializing': conversion from 'double' to 'int', possible loss of data
D:\Pen drive\Bachelor of Game Development (HONS) - Degree in Game Technology\Semester 2-2019 May\Assignment XBGT 2064 - 2DGraphicsP\Assignment2_2DGraphicsProgramming\main.cpp(46,10): warning C4244:  '=': conversion from 'double' to 'int', possible loss of data
D:\Pen drive\Bachelor of Game Development (HONS) - Degree in Game Technology\Semester 2-2019 May\Assignment XBGT 2064 - 2DGraphicsP\Assignment2_2DGraphicsProgramming\main.cpp(46,21): warning C4244:  '=': conversion from 'double' to 'int', possible loss of data
  Assignment2_2DGraphicsProgramming.vcxproj -> D:\Pen drive\Bachelor of Game Development (HONS) - Degree in Game Technology\Semester 2-2019 May\Assignment XBGT 2064 - 2DGraphicsP\Assignment2_2DGraphicsProgramming\Debug\Assignment2_2DGraphicsProgramming.exe
